<?xml version="1.0" encoding="UTF-8"?>
<!-- Generated by org.testng.reporters.JUnitReportReporter -->
<testsuite hostname="LAP-0040" failures="0" tests="1" name="Akara.Smoke" time="264.834" errors="0" timestamp="2021-04-12T16:20:09 IST" skipped="0">
  <testcase classname="Akara.Smoke" name="launch" time="264.834"/>
  <system-out/>
</testsuite> <!-- Akara.Smoke -->
