<?xml version="1.0" encoding="UTF-8"?>
<!-- Generated by org.testng.reporters.JUnitReportReporter -->
<testsuite skipped="0" hostname="DESKTOP-8CNC806" name="Akara.Akara" tests="1" failures="0" timestamp="2020-04-16T12:52:49 IST" time="96.844" errors="0">
  <testcase name="testHomePage" time="96.844" classname="Akara.Akara"/>
</testsuite> <!-- Akara.Akara -->
